<?xml version="1.0" encoding="UTF-8"?>
<!-- Generated by org.testng.reporters.JUnitReportReporter -->
<testsuite skipped="16" hostname="KCS-TECH-LAXMANG" name="macconfigforms.BankingConfig" tests="17" failures="0" timestamp="10 Feb 2021 10:28:13 GMT" time="0.030" errors="1">
  <testcase name="rd" time="0.003" classname="macconfigforms.BankingConfig">
    <skipped/>
  </testcase> <!-- rd -->
  <testcase name="memType" time="0.002" classname="macconfigforms.BankingConfig">
    <skipped/>
  </testcase> <!-- memType -->
  <testcase name="fdprematurity" time="0.001" classname="macconfigforms.BankingConfig">
    <skipped/>
  </testcase> <!-- fdprematurity -->
  <testcase name="fdConfig" time="0.001" classname="macconfigforms.BankingConfig">
    <skipped/>
  </testcase> <!-- fdConfig -->
  <testcase name="saConfig" time="0.002" classname="macconfigforms.BankingConfig">
    <skipped/>
  </testcase> <!-- saConfig -->
  <testcase name="fddocuments" time="0.003" classname="macconfigforms.BankingConfig">
    <skipped/>
  </testcase> <!-- fddocuments -->
  <testcase name="share" time="0.001" classname="macconfigforms.BankingConfig">
    <skipped/>
  </testcase> <!-- share -->
  <testcase name="home" time="0.000" classname="macconfigforms.BankingConfig">
    <error type="org.openqa.selenium.NoSuchWindowException" message="no such window: target window already closed
from unknown error: web view not found
  (Session info: chrome=88.0.4324.150)
Build info: version: &#039;3.141.59&#039;, revision: &#039;e82be7d358&#039;, time: &#039;2018-11-14T08:25:48&#039;
System info: host: &#039;KCS-TECH-LAXMAN&#039;, ip: &#039;192.168.2.179&#039;, os.name: &#039;Windows 10&#039;, os.arch: &#039;amd64&#039;, os.version: &#039;10.0&#039;, java.version: &#039;1.8.0_211&#039;
Driver info: org.openqa.selenium.chrome.ChromeDriver
Capabilities {acceptInsecureCerts: false, browserName: chrome, browserVersion: 88.0.4324.150, chrome: {chromedriverVersion: 87.0.4280.88 (89e2380a3e36c..., userDataDir: C:\Users\Admin\AppData\Loca...}, goog:chromeOptions: {debuggerAddress: localhost:51625}, javascriptEnabled: true, networkConnectionEnabled: false, pageLoadStrategy: normal, platform: WINDOWS, platformName: WINDOWS, proxy: Proxy(), setWindowRect: true, strictFileInteractability: false, timeouts: {implicit: 0, pageLoad: 300000, script: 30000}, unhandledPromptBehavior: dismiss and notify, webauthn:virtualAuthenticators: true}
Session ID: 59a186dfb08a548f865b344a0f38c0f2
*** Element info: {Using=name, value=username}">
      <![CDATA[org.openqa.selenium.NoSuchWindowException: no such window: target window already closed
from unknown error: web view not found
  (Session info: chrome=88.0.4324.150)
Build info: version: '3.141.59', revision: 'e82be7d358', time: '2018-11-14T08:25:48'
System info: host: 'KCS-TECH-LAXMAN', ip: '192.168.2.179', os.name: 'Windows 10', os.arch: 'amd64', os.version: '10.0', java.version: '1.8.0_211'
Driver info: org.openqa.selenium.chrome.ChromeDriver
Capabilities {acceptInsecureCerts: false, browserName: chrome, browserVersion: 88.0.4324.150, chrome: {chromedriverVersion: 87.0.4280.88 (89e2380a3e36c..., userDataDir: C:\Users\Admin\AppData\Loca...}, goog:chromeOptions: {debuggerAddress: localhost:51625}, javascriptEnabled: true, networkConnectionEnabled: false, pageLoadStrategy: normal, platform: WINDOWS, platformName: WINDOWS, proxy: Proxy(), setWindowRect: true, strictFileInteractability: false, timeouts: {implicit: 0, pageLoad: 300000, script: 30000}, unhandledPromptBehavior: dismiss and notify, webauthn:virtualAuthenticators: true}
Session ID: 59a186dfb08a548f865b344a0f38c0f2
*** Element info: {Using=name, value=username}
	at sun.reflect.NativeConstructorAccessorImpl.newInstance0(Native Method)
	at sun.reflect.NativeConstructorAccessorImpl.newInstance(Unknown Source)
	at sun.reflect.DelegatingConstructorAccessorImpl.newInstance(Unknown Source)
	at java.lang.reflect.Constructor.newInstance(Unknown Source)
	at org.openqa.selenium.remote.http.W3CHttpResponseCodec.createException(W3CHttpResponseCodec.java:187)
	at org.openqa.selenium.remote.http.W3CHttpResponseCodec.decode(W3CHttpResponseCodec.java:122)
	at org.openqa.selenium.remote.http.W3CHttpResponseCodec.decode(W3CHttpResponseCodec.java:49)
	at org.openqa.selenium.remote.HttpCommandExecutor.execute(HttpCommandExecutor.java:158)
	at org.openqa.selenium.remote.service.DriverCommandExecutor.execute(DriverCommandExecutor.java:83)
	at org.openqa.selenium.remote.RemoteWebDriver.execute(RemoteWebDriver.java:552)
	at org.openqa.selenium.remote.RemoteWebDriver.findElement(RemoteWebDriver.java:323)
	at org.openqa.selenium.remote.RemoteWebDriver.findElementByName(RemoteWebDriver.java:404)
	at org.openqa.selenium.By$ByName.findElement(By.java:284)
	at org.openqa.selenium.remote.RemoteWebDriver.findElement(RemoteWebDriver.java:315)
	at macconfigforms.BankingConfig.home(BankingConfig.java:32)
	at sun.reflect.NativeMethodAccessorImpl.invoke0(Native Method)
	at sun.reflect.NativeMethodAccessorImpl.invoke(Unknown Source)
	at sun.reflect.DelegatingMethodAccessorImpl.invoke(Unknown Source)
	at java.lang.reflect.Method.invoke(Unknown Source)
	at org.testng.internal.MethodInvocationHelper.invokeMethod(MethodInvocationHelper.java:100)
	at org.testng.internal.Invoker.invokeConfigurationMethod(Invoker.java:515)
	at org.testng.internal.Invoker.invokeConfigurations(Invoker.java:216)
	at org.testng.internal.Invoker.invokeConfigurations(Invoker.java:143)
	at org.testng.internal.TestMethodWorker.invokeBeforeClassMethods(TestMethodWorker.java:169)
	at org.testng.internal.TestMethodWorker.run(TestMethodWorker.java:108)
	at org.testng.TestRunner.privateRun(TestRunner.java:753)
	at org.testng.TestRunner.run(TestRunner.java:607)
	at org.testng.SuiteRunner.runTest(SuiteRunner.java:368)
	at org.testng.SuiteRunner.runSequentially(SuiteRunner.java:363)
	at org.testng.SuiteRunner.privateRun(SuiteRunner.java:321)
	at org.testng.SuiteRunner.run(SuiteRunner.java:270)
	at org.testng.SuiteRunnerWorker.runSuite(SuiteRunnerWorker.java:52)
	at org.testng.SuiteRunnerWorker.run(SuiteRunnerWorker.java:86)
	at org.testng.TestNG.runSuitesSequentially(TestNG.java:1284)
	at org.testng.TestNG.runSuitesLocally(TestNG.java:1209)
	at org.testng.TestNG.runSuites(TestNG.java:1124)
	at org.testng.TestNG.run(TestNG.java:1096)
	at org.testng.remote.AbstractRemoteTestNG.run(AbstractRemoteTestNG.java:132)
	at org.testng.remote.RemoteTestNG.initAndRun(RemoteTestNG.java:236)
	at org.testng.remote.RemoteTestNG.main(RemoteTestNG.java:81)
]]>
    </error>
  </testcase> <!-- home -->
  <testcase name="fd" time="0.001" classname="macconfigforms.BankingConfig">
    <skipped/>
  </testcase> <!-- fd -->
  <testcase name="rdConfig" time="0.002" classname="macconfigforms.BankingConfig">
    <skipped/>
  </testcase> <!-- rdConfig -->
  <testcase name="sadocuments" time="0.002" classname="macconfigforms.BankingConfig">
    <skipped/>
  </testcase> <!-- sadocuments -->
  <testcase name="rdPrematurity" time="0.004" classname="macconfigforms.BankingConfig">
    <skipped/>
  </testcase> <!-- rdPrematurity -->
  <testcase name="saving" time="0.001" classname="macconfigforms.BankingConfig">
    <skipped/>
  </testcase> <!-- saving -->
  <testcase name="rdDocuments" time="0.001" classname="macconfigforms.BankingConfig">
    <skipped/>
  </testcase> <!-- rdDocuments -->
  <testcase name="sareferences" time="0.002" classname="macconfigforms.BankingConfig">
    <skipped/>
  </testcase> <!-- sareferences -->
  <testcase name="saloanfacility" time="0.003" classname="macconfigforms.BankingConfig">
    <skipped/>
  </testcase> <!-- saloanfacility -->
  <testcase name="shareConfig" time="0.001" classname="macconfigforms.BankingConfig">
    <skipped/>
  </testcase> <!-- shareConfig -->
</testsuite> <!-- macconfigforms.BankingConfig -->
