<html>
<head>
<title>TestNG:  ConfigSmokeTest</title>
<link href="../testng.css" rel="stylesheet" type="text/css" />
<link href="../my-testng.css" rel="stylesheet" type="text/css" />

<style type="text/css">
.log { display: none;} 
.stack-trace { display: none;} 
</style>
<script type="text/javascript">
<!--
function flip(e) {
  current = e.style.display;
  if (current == 'block') {
    e.style.display = 'none';
    return 0;
  }
  else {
    e.style.display = 'block';
    return 1;
  }
}

function toggleBox(szDivId, elem, msg1, msg2)
{
  var res = -1;  if (document.getElementById) {
    res = flip(document.getElementById(szDivId));
  }
  else if (document.all) {
    // this is the way old msie versions work
    res = flip(document.all[szDivId]);
  }
  if(elem) {
    if(res == 0) elem.innerHTML = msg1; else elem.innerHTML = msg2;
  }

}

function toggleAllBoxes() {
  if (document.getElementsByTagName) {
    d = document.getElementsByTagName('div');
    for (i = 0; i < d.length; i++) {
      if (d[i].className == 'log') {
        flip(d[i]);
      }
    }
  }
}

// -->
</script>

</head>
<body>
<h2 align='center'>ConfigSmokeTest</h2><table border='1' align="center">
<tr>
<td>Tests passed/Failed/Skipped:</td><td>0/0/16</td>
</tr><tr>
<td>Started on:</td><td>Wed Feb 10 15:58:08 IST 2021</td>
</tr>
<tr><td>Total time:</td><td>5 seconds (5264 ms)</td>
</tr><tr>
<td>Included groups:</td><td></td>
</tr><tr>
<td>Excluded groups:</td><td></td>
</tr>
</table><p/>
<small><i>(Hover the method name to see the test class name)</i></small><p/>
<table width='100%' border='1' class='invocation-failed'>
<tr><td colspan='4' align='center'><b>FAILED CONFIGURATIONS</b></td></tr>
<tr><td><b>Test method</b></td>
<td width="30%"><b>Exception</b></td>
<td width="10%"><b>Time (seconds)</b></td>
<td><b>Instance</b></td>
</tr>
<tr>
<td title='macconfigforms.BankingConfig.home()'><b>home</b><br>Test class: macconfigforms.BankingConfig</td>
<td><div><pre>org.openqa.selenium.NoSuchWindowException: no such window: target window already closed
from unknown error: web view not found
  (Session info: chrome=88.0.4324.150)
Build info: version: &apos;3.141.59&apos;, revision: &apos;e82be7d358&apos;, time: &apos;2018-11-14T08:25:48&apos;
System info: host: &apos;KCS-TECH-LAXMAN&apos;, ip: &apos;192.168.2.179&apos;, os.name: &apos;Windows 10&apos;, os.arch: &apos;amd64&apos;, os.version: &apos;10.0&apos;, java.version: &apos;1.8.0_211&apos;
Driver info: org.openqa.selenium.chrome.ChromeDriver
Capabilities {acceptInsecureCerts: false, browserName: chrome, browserVersion: 88.0.4324.150, chrome: {chromedriverVersion: 87.0.4280.88 (89e2380a3e36c..., userDataDir: C:\Users\Admin\AppData\Loca...}, goog:chromeOptions: {debuggerAddress: localhost:51625}, javascriptEnabled: true, networkConnectionEnabled: false, pageLoadStrategy: normal, platform: WINDOWS, platformName: WINDOWS, proxy: Proxy(), setWindowRect: true, strictFileInteractability: false, timeouts: {implicit: 0, pageLoad: 300000, script: 30000}, unhandledPromptBehavior: dismiss and notify, webauthn:virtualAuthenticators: true}
Session ID: 59a186dfb08a548f865b344a0f38c0f2
*** Element info: {Using=name, value=username}
	at org.openqa.selenium.remote.http.W3CHttpResponseCodec.createException(W3CHttpResponseCodec.java:187)
	at org.openqa.selenium.remote.http.W3CHttpResponseCodec.decode(W3CHttpResponseCodec.java:122)
	at org.openqa.selenium.remote.http.W3CHttpResponseCodec.decode(W3CHttpResponseCodec.java:49)
	at org.openqa.selenium.remote.HttpCommandExecutor.execute(HttpCommandExecutor.java:158)
	at org.openqa.selenium.remote.service.DriverCommandExecutor.execute(DriverCommandExecutor.java:83)
	at org.openqa.selenium.remote.RemoteWebDriver.execute(RemoteWebDriver.java:552)
	at org.openqa.selenium.remote.RemoteWebDriver.findElement(RemoteWebDriver.java:323)
	at org.openqa.selenium.remote.RemoteWebDriver.findElementByName(RemoteWebDriver.java:404)
	at org.openqa.selenium.By$ByName.findElement(By.java:284)
	at org.openqa.selenium.remote.RemoteWebDriver.findElement(RemoteWebDriver.java:315)
	at macconfigforms.BankingConfig.home(BankingConfig.java:32)
... Removed 29 stack frames</pre></div><a href='#' onClick='toggleBox("stack-trace809383315", this, "Click to show all stack frames", "Click to hide stack frames")'>Click to show all stack frames</a>
<div class='stack-trace' id='stack-trace809383315'><pre>org.openqa.selenium.NoSuchWindowException: no such window: target window already closed
from unknown error: web view not found
  (Session info: chrome=88.0.4324.150)
Build info: version: &apos;3.141.59&apos;, revision: &apos;e82be7d358&apos;, time: &apos;2018-11-14T08:25:48&apos;
System info: host: &apos;KCS-TECH-LAXMAN&apos;, ip: &apos;192.168.2.179&apos;, os.name: &apos;Windows 10&apos;, os.arch: &apos;amd64&apos;, os.version: &apos;10.0&apos;, java.version: &apos;1.8.0_211&apos;
Driver info: org.openqa.selenium.chrome.ChromeDriver
Capabilities {acceptInsecureCerts: false, browserName: chrome, browserVersion: 88.0.4324.150, chrome: {chromedriverVersion: 87.0.4280.88 (89e2380a3e36c..., userDataDir: C:\Users\Admin\AppData\Loca...}, goog:chromeOptions: {debuggerAddress: localhost:51625}, javascriptEnabled: true, networkConnectionEnabled: false, pageLoadStrategy: normal, platform: WINDOWS, platformName: WINDOWS, proxy: Proxy(), setWindowRect: true, strictFileInteractability: false, timeouts: {implicit: 0, pageLoad: 300000, script: 30000}, unhandledPromptBehavior: dismiss and notify, webauthn:virtualAuthenticators: true}
Session ID: 59a186dfb08a548f865b344a0f38c0f2
*** Element info: {Using=name, value=username}
	at sun.reflect.NativeConstructorAccessorImpl.newInstance0(Native Method)
	at sun.reflect.NativeConstructorAccessorImpl.newInstance(Unknown Source)
	at sun.reflect.DelegatingConstructorAccessorImpl.newInstance(Unknown Source)
	at java.lang.reflect.Constructor.newInstance(Unknown Source)
	at org.openqa.selenium.remote.http.W3CHttpResponseCodec.createException(W3CHttpResponseCodec.java:187)
	at org.openqa.selenium.remote.http.W3CHttpResponseCodec.decode(W3CHttpResponseCodec.java:122)
	at org.openqa.selenium.remote.http.W3CHttpResponseCodec.decode(W3CHttpResponseCodec.java:49)
	at org.openqa.selenium.remote.HttpCommandExecutor.execute(HttpCommandExecutor.java:158)
	at org.openqa.selenium.remote.service.DriverCommandExecutor.execute(DriverCommandExecutor.java:83)
	at org.openqa.selenium.remote.RemoteWebDriver.execute(RemoteWebDriver.java:552)
	at org.openqa.selenium.remote.RemoteWebDriver.findElement(RemoteWebDriver.java:323)
	at org.openqa.selenium.remote.RemoteWebDriver.findElementByName(RemoteWebDriver.java:404)
	at org.openqa.selenium.By$ByName.findElement(By.java:284)
	at org.openqa.selenium.remote.RemoteWebDriver.findElement(RemoteWebDriver.java:315)
	at macconfigforms.BankingConfig.home(BankingConfig.java:32)
	at sun.reflect.NativeMethodAccessorImpl.invoke0(Native Method)
	at sun.reflect.NativeMethodAccessorImpl.invoke(Unknown Source)
	at sun.reflect.DelegatingMethodAccessorImpl.invoke(Unknown Source)
	at java.lang.reflect.Method.invoke(Unknown Source)
	at org.testng.internal.MethodInvocationHelper.invokeMethod(MethodInvocationHelper.java:100)
	at org.testng.internal.Invoker.invokeConfigurationMethod(Invoker.java:515)
	at org.testng.internal.Invoker.invokeConfigurations(Invoker.java:216)
	at org.testng.internal.Invoker.invokeConfigurations(Invoker.java:143)
	at org.testng.internal.TestMethodWorker.invokeBeforeClassMethods(TestMethodWorker.java:169)
	at org.testng.internal.TestMethodWorker.run(TestMethodWorker.java:108)
	at org.testng.TestRunner.privateRun(TestRunner.java:753)
	at org.testng.TestRunner.run(TestRunner.java:607)
	at org.testng.SuiteRunner.runTest(SuiteRunner.java:368)
	at org.testng.SuiteRunner.runSequentially(SuiteRunner.java:363)
	at org.testng.SuiteRunner.privateRun(SuiteRunner.java:321)
	at org.testng.SuiteRunner.run(SuiteRunner.java:270)
	at org.testng.SuiteRunnerWorker.runSuite(SuiteRunnerWorker.java:52)
	at org.testng.SuiteRunnerWorker.run(SuiteRunnerWorker.java:86)
	at org.testng.TestNG.runSuitesSequentially(TestNG.java:1284)
	at org.testng.TestNG.runSuitesLocally(TestNG.java:1209)
	at org.testng.TestNG.runSuites(TestNG.java:1124)
	at org.testng.TestNG.run(TestNG.java:1096)
	at org.testng.remote.AbstractRemoteTestNG.run(AbstractRemoteTestNG.java:132)
	at org.testng.remote.RemoteTestNG.initAndRun(RemoteTestNG.java:236)
	at org.testng.remote.RemoteTestNG.main(RemoteTestNG.java:81)
</pre></div></td>
<td>0</td>
<td>macconfigforms.BankingConfig@6eda5c9</td></tr>
</table><p>
<table width='100%' border='1' class='invocation-skipped'>
<tr><td colspan='4' align='center'><b>SKIPPED CONFIGURATIONS</b></td></tr>
<tr><td><b>Test method</b></td>
<td width="30%"><b>Exception</b></td>
<td width="10%"><b>Time (seconds)</b></td>
<td><b>Instance</b></td>
</tr>
<tr>
<td title='macconfigforms.BankingConfig.window()'><b>window</b><br>Test class: macconfigforms.BankingConfig</td>
<td></td>
<td>0</td>
<td>macconfigforms.BankingConfig@6eda5c9</td></tr>
</table><p>
<table width='100%' border='1' class='invocation-skipped'>
<tr><td colspan='4' align='center'><b>SKIPPED TESTS</b></td></tr>
<tr><td><b>Test method</b></td>
<td width="30%"><b>Exception</b></td>
<td width="10%"><b>Time (seconds)</b></td>
<td><b>Instance</b></td>
</tr>
<tr>
<td title='macconfigforms.BankingConfig.fd()'><b>fd</b><br>Test class: macconfigforms.BankingConfig</td>
<td></td>
<td>0</td>
<td>macconfigforms.BankingConfig@6eda5c9</td></tr>
<tr>
<td title='macconfigforms.BankingConfig.fdConfig()'><b>fdConfig</b><br>Test class: macconfigforms.BankingConfig</td>
<td></td>
<td>0</td>
<td>macconfigforms.BankingConfig@6eda5c9</td></tr>
<tr>
<td title='macconfigforms.BankingConfig.fddocuments()'><b>fddocuments</b><br>Test class: macconfigforms.BankingConfig</td>
<td></td>
<td>0</td>
<td>macconfigforms.BankingConfig@6eda5c9</td></tr>
<tr>
<td title='macconfigforms.BankingConfig.fdprematurity()'><b>fdprematurity</b><br>Test class: macconfigforms.BankingConfig</td>
<td></td>
<td>0</td>
<td>macconfigforms.BankingConfig@6eda5c9</td></tr>
<tr>
<td title='macconfigforms.BankingConfig.memType()'><b>memType</b><br>Test class: macconfigforms.BankingConfig</td>
<td></td>
<td>0</td>
<td>macconfigforms.BankingConfig@6eda5c9</td></tr>
<tr>
<td title='macconfigforms.BankingConfig.rd()'><b>rd</b><br>Test class: macconfigforms.BankingConfig</td>
<td></td>
<td>0</td>
<td>macconfigforms.BankingConfig@6eda5c9</td></tr>
<tr>
<td title='macconfigforms.BankingConfig.rdConfig()'><b>rdConfig</b><br>Test class: macconfigforms.BankingConfig</td>
<td></td>
<td>0</td>
<td>macconfigforms.BankingConfig@6eda5c9</td></tr>
<tr>
<td title='macconfigforms.BankingConfig.rdDocuments()'><b>rdDocuments</b><br>Test class: macconfigforms.BankingConfig</td>
<td></td>
<td>0</td>
<td>macconfigforms.BankingConfig@6eda5c9</td></tr>
<tr>
<td title='macconfigforms.BankingConfig.rdPrematurity()'><b>rdPrematurity</b><br>Test class: macconfigforms.BankingConfig</td>
<td></td>
<td>0</td>
<td>macconfigforms.BankingConfig@6eda5c9</td></tr>
<tr>
<td title='macconfigforms.BankingConfig.saConfig()'><b>saConfig</b><br>Test class: macconfigforms.BankingConfig</td>
<td></td>
<td>0</td>
<td>macconfigforms.BankingConfig@6eda5c9</td></tr>
<tr>
<td title='macconfigforms.BankingConfig.sadocuments()'><b>sadocuments</b><br>Test class: macconfigforms.BankingConfig</td>
<td></td>
<td>0</td>
<td>macconfigforms.BankingConfig@6eda5c9</td></tr>
<tr>
<td title='macconfigforms.BankingConfig.saloanfacility()'><b>saloanfacility</b><br>Test class: macconfigforms.BankingConfig</td>
<td></td>
<td>0</td>
<td>macconfigforms.BankingConfig@6eda5c9</td></tr>
<tr>
<td title='macconfigforms.BankingConfig.sareferences()'><b>sareferences</b><br>Test class: macconfigforms.BankingConfig</td>
<td></td>
<td>0</td>
<td>macconfigforms.BankingConfig@6eda5c9</td></tr>
<tr>
<td title='macconfigforms.BankingConfig.saving()'><b>saving</b><br>Test class: macconfigforms.BankingConfig</td>
<td></td>
<td>0</td>
<td>macconfigforms.BankingConfig@6eda5c9</td></tr>
<tr>
<td title='macconfigforms.BankingConfig.share()'><b>share</b><br>Test class: macconfigforms.BankingConfig</td>
<td></td>
<td>0</td>
<td>macconfigforms.BankingConfig@6eda5c9</td></tr>
<tr>
<td title='macconfigforms.BankingConfig.shareConfig()'><b>shareConfig</b><br>Test class: macconfigforms.BankingConfig</td>
<td></td>
<td>0</td>
<td>macconfigforms.BankingConfig@6eda5c9</td></tr>
</table><p>
</body>
</html>